calculating: lr=1.000000e-04,reg=1.000000e-02
calculating: lr=1.000000e-04,reg=5.000000e-02
calculating: lr=1.000000e-04,reg=1.000000e-01
calculating: lr=1.000000e-04,reg=5.000000e-01
calculating: lr=1.000000e-04,reg=1.000000e+00
calculating: lr=1.000000e-03,reg=1.000000e-02
calculating: lr=1.000000e-03,reg=5.000000e-02
calculating: lr=1.000000e-03,reg=1.000000e-01
calculating: lr=1.000000e-03,reg=5.000000e-01
calculating: lr=1.000000e-03,reg=1.000000e+00
calculating: lr=1.000000e-02,reg=1.000000e-02
calculating: lr=1.000000e-02,reg=5.000000e-02
calculating: lr=1.000000e-02,reg=1.000000e-01
calculating: lr=1.000000e-02,reg=5.000000e-01
calculating: lr=1.000000e-02,reg=1.000000e+00
calculating: lr=1.000000e-01,reg=1.000000e-02
calculating: lr=1.000000e-01,reg=5.000000e-02
calculating: lr=1.000000e-01,reg=1.000000e-01
calculating: lr=1.000000e-01,reg=5.000000e-01
calculating: lr=1.000000e-01,reg=1.000000e+00
lr 1.000000e-04 reg 1.000000e-02 train accuracy: 0.469444 val accuracy: 0.450000
lr 1.000000e-04 reg 5.000000e-02 train accuracy: 0.463889 val accuracy: 0.462500
lr 1.000000e-04 reg 1.000000e-01 train accuracy: 0.462500 val accuracy: 0.450000
lr 1.000000e-04 reg 5.000000e-01 train accuracy: 0.459722 val accuracy: 0.450000
lr 1.000000e-04 reg 1.000000e+00 train accuracy: 0.459722 val accuracy: 0.450000
lr 1.000000e-03 reg 1.000000e-02 train accuracy: 0.538889 val accuracy: 0.525000
lr 1.000000e-03 reg 5.000000e-02 train accuracy: 0.538889 val accuracy: 0.525000
lr 1.000000e-03 reg 1.000000e-01 train accuracy: 0.544444 val accuracy: 0.525000
lr 1.000000e-03 reg 5.000000e-01 train accuracy: 0.537500 val accuracy: 0.525000
lr 1.000000e-03 reg 1.000000e+00 train accuracy: 0.544444 val accuracy: 0.525000
lr 1.000000e-02 reg 1.000000e-02 train accuracy: 0.534722 val accuracy: 0.475000
lr 1.000000e-02 reg 5.000000e-02 train accuracy: 0.548611 val accuracy: 0.450000
lr 1.000000e-02 reg 1.000000e-01 train accuracy: 0.554167 val accuracy: 0.500000
lr 1.000000e-02 reg 5.000000e-01 train accuracy: 0.523611 val accuracy: 0.500000
lr 1.000000e-02 reg 1.000000e+00 train accuracy: 0.543056 val accuracy: 0.500000
lr 1.000000e-01 reg 1.000000e-02 train accuracy: 0.480556 val accuracy: 0.450000
lr 1.000000e-01 reg 5.000000e-02 train accuracy: 0.443056 val accuracy: 0.375000
lr 1.000000e-01 reg 1.000000e-01 train accuracy: 0.390278 val accuracy: 0.250000
lr 1.000000e-01 reg 5.000000e-01 train accuracy: 0.479167 val accuracy: 0.500000
lr 1.000000e-01 reg 1.000000e+00 train accuracy: 0.444444 val accuracy: 0.425000
best validation accuracy achieved during cross-validation: 0.525000
softmax on raw pixels final test set accuracy: 0.525000
[[ 7  0  0  0  0  1  2  0  1  2]
 [ 2 12  0  0  0  1  0  0  1  0]
 [ 3  0 10  2  0  5  0  2  1  2]
 [ 0  0  0 15  3  0  2  2  2  5]
 [ 1  0  0  1 12  0  2  3  3  0]
 [ 2  1  0  1  2  7  0  1  2  1]
 [ 1  0  0  0  1  0 11  0  0  0]
 [ 0  0  0  0  0  0  0 20  1  0]
 [ 1  0  4  1  4  2  1  0  9  1]
 [ 6  0  0  2  1  2  3  3  2  2]]
--- Overall accuracy with Mel Cepstral representation 0.525
--- Genre =  blues  accuracy with Mel Cepstral representation 0.538461538462
--- Genre =  classical  accuracy with Mel Cepstral representation 0.75
--- Genre =  country  accuracy with Mel Cepstral representation 0.4
--- Genre =  disco  accuracy with Mel Cepstral representation 0.51724137931
--- Genre =  hiphop  accuracy with Mel Cepstral representation 0.545454545455
--- Genre =  jazz  accuracy with Mel Cepstral representation 0.411764705882
--- Genre =  metal  accuracy with Mel Cepstral representation 0.846153846154
--- Genre =  pop  accuracy with Mel Cepstral representation 0.952380952381
--- Genre =  reggae  accuracy with Mel Cepstral representation 0.391304347826
--- Genre =  rock  accuracy with Mel Cepstral representation 0.0952380952381
